h_buf=0000017E86597440
n=20000,dt=0.010000,h_buf=0000017E86597440,div=10000
n=20000,dt=0.010000,h_buf=0000017E86597440,div=10000
n=20000,dt=0.010000,h_buf=0000017E86597440,div=10000
n=20000,dt=0.010000,h_buf=0000017E86597440,div=10000
n=20000,dt=0.010000,h_buf=0000017E86597440,div=10000


gPU time: 0.007 seconds
n=20000,dt=0.010000,h_buf=0000017E86597440,div=10000
n=20000,dt=0.010000,h_buf=0000017E86597440,div=10000
n=20000,dt=0.010000,h_buf=0000017E86597440,div=10000
n=20000,dt=0.010000,h_buf=0000017E86597440,div=10000
n=20000,dt=0.010000,h_buf=0000017E86597440,div=10000
cPU time: 46.700 seconds
Theory Rate:0.999850
Current Rate:0.500000
BodyDiv:10000
n=20000,dt=0.010000,h_buf=0000017E86597440,div=10000
gPU time=0.029000 seconds
n=20000,dt=0.010000,h_buf=0000017E86597440,div=10000
gPU time=0.001000 seconds
n=20000,dt=0.010000,h_buf=0000017E86597440,div=10000
gPU time=0.002000 seconds
n=20000,dt=0.010000,h_buf=0000017E86597440,div=10000
gPU time=0.001000 seconds
n=20000,dt=0.010000,h_buf=0000017E86597440,div=10000
gPU time=0.001000 seconds
cPU and gPU time: 0.005 seconds

相对gPU加速比：1.400000
相对cPU加速比：9340.000000
h_buf=0000017E86597440
n=20000,dt=0.010000,h_buf=0000017E86597440,div=10100
n=20000,dt=0.010000,h_buf=0000017E86597440,div=10100
n=20000,dt=0.010000,h_buf=0000017E86597440,div=10100
n=20000,dt=0.010000,h_buf=0000017E86597440,div=10100
n=20000,dt=0.010000,h_buf=0000017E86597440,div=10100


gPU time: 0.006 seconds
n=20000,dt=0.010000,h_buf=0000017E86597440,div=10100
n=20000,dt=0.010000,h_buf=0000017E86597440,div=10100
n=20000,dt=0.010000,h_buf=0000017E86597440,div=10100
n=20000,dt=0.010000,h_buf=0000017E86597440,div=10100
n=20000,dt=0.010000,h_buf=0000017E86597440,div=10100
cPU time: 43.222 seconds
Theory Rate:0.999861
Current Rate:0.505000
BodyDiv:10100
n=20000,dt=0.010000,h_buf=0000017E86597440,div=10100
gPU time=0.027000 seconds
n=20000,dt=0.010000,h_buf=0000017E86597440,div=10100
gPU time=0.001000 seconds
n=20000,dt=0.010000,h_buf=0000017E86597440,div=10100
gPU time=0.001000 seconds
n=20000,dt=0.010000,h_buf=0000017E86597440,div=10100
gPU time=0.001000 seconds
n=20000,dt=0.010000,h_buf=0000017E86597440,div=10100
gPU time=0.001000 seconds
cPU and gPU time: 0.004 seconds

相对gPU加速比：1.500000
相对cPU加速比：10805.500000
h_buf=0000017E86597440
n=20000,dt=0.010000,h_buf=0000017E86597440,div=10200
n=20000,dt=0.010000,h_buf=0000017E86597440,div=10200
n=20000,dt=0.010000,h_buf=0000017E86597440,div=10200
n=20000,dt=0.010000,h_buf=0000017E86597440,div=10200
n=20000,dt=0.010000,h_buf=0000017E86597440,div=10200


gPU time: 0.005 seconds
n=20000,dt=0.010000,h_buf=0000017E86597440,div=10200
n=20000,dt=0.010000,h_buf=0000017E86597440,div=10200
n=20000,dt=0.010000,h_buf=0000017E86597440,div=10200
n=20000,dt=0.010000,h_buf=0000017E86597440,div=10200
n=20000,dt=0.010000,h_buf=0000017E86597440,div=10200
cPU time: 33.093 seconds
Theory Rate:0.999849
Current Rate:0.510000
BodyDiv:10200
n=20000,dt=0.010000,h_buf=0000017E86597440,div=10200
gPU time=0.027000 seconds
n=20000,dt=0.010000,h_buf=0000017E86597440,div=10200
gPU time=0.001000 seconds
n=20000,dt=0.010000,h_buf=0000017E86597440,div=10200
gPU time=0.001000 seconds
n=20000,dt=0.010000,h_buf=0000017E86597440,div=10200
gPU time=0.001000 seconds
n=20000,dt=0.010000,h_buf=0000017E86597440,div=10200
gPU time=0.001000 seconds
cPU and gPU time: 0.005 seconds

相对gPU加速比：1.000000
相对cPU加速比：6618.600000
h_buf=0000017E86597440
n=20000,dt=0.010000,h_buf=0000017E86597440,div=10300
n=20000,dt=0.010000,h_buf=0000017E86597440,div=10300
n=20000,dt=0.010000,h_buf=0000017E86597440,div=10300
n=20000,dt=0.010000,h_buf=0000017E86597440,div=10300
n=20000,dt=0.010000,h_buf=0000017E86597440,div=10300


gPU time: 0.005 seconds
n=20000,dt=0.010000,h_buf=0000017E86597440,div=10300
n=20000,dt=0.010000,h_buf=0000017E86597440,div=10300
n=20000,dt=0.010000,h_buf=0000017E86597440,div=10300
n=20000,dt=0.010000,h_buf=0000017E86597440,div=10300
n=20000,dt=0.010000,h_buf=0000017E86597440,div=10300
cPU time: 33.365 seconds
Theory Rate:0.999850
Current Rate:0.515000
BodyDiv:10300
n=20000,dt=0.010000,h_buf=0000017E86597440,div=10300
gPU time=0.026000 seconds
n=20000,dt=0.010000,h_buf=0000017E86597440,div=10300
gPU time=0.001000 seconds
n=20000,dt=0.010000,h_buf=0000017E86597440,div=10300
gPU time=0.001000 seconds
n=20000,dt=0.010000,h_buf=0000017E86597440,div=10300
gPU time=0.000000 seconds
n=20000,dt=0.010000,h_buf=0000017E86597440,div=10300
gPU time=0.002000 seconds
cPU and gPU time: 0.049 seconds

相对gPU加速比：0.102041
相对cPU加速比：680.918367
h_buf=0000017E86597440
n=20000,dt=0.010000,h_buf=0000017E86597440,div=10400
n=20000,dt=0.010000,h_buf=0000017E86597440,div=10400
n=20000,dt=0.010000,h_buf=0000017E86597440,div=10400
n=20000,dt=0.010000,h_buf=0000017E86597440,div=10400
n=20000,dt=0.010000,h_buf=0000017E86597440,div=10400


gPU time: 0.006 seconds
n=20000,dt=0.010000,h_buf=0000017E86597440,div=10400
n=20000,dt=0.010000,h_buf=0000017E86597440,div=10400
n=20000,dt=0.010000,h_buf=0000017E86597440,div=10400
n=20000,dt=0.010000,h_buf=0000017E86597440,div=10400
n=20000,dt=0.010000,h_buf=0000017E86597440,div=10400
cPU time: 33.310 seconds
Theory Rate:0.999820
Current Rate:0.520000
BodyDiv:10400
n=20000,dt=0.010000,h_buf=0000017E86597440,div=10400
gPU time=0.027000 seconds
n=20000,dt=0.010000,h_buf=0000017E86597440,div=10400
gPU time=0.001000 seconds
n=20000,dt=0.010000,h_buf=0000017E86597440,div=10400
gPU time=0.001000 seconds
n=20000,dt=0.010000,h_buf=0000017E86597440,div=10400
gPU time=0.002000 seconds
n=20000,dt=0.010000,h_buf=0000017E86597440,div=10400
gPU time=0.001000 seconds
cPU and gPU time: 0.007 seconds

相对gPU加速比：0.857143
相对cPU加速比：4758.571429
h_buf=0000017E86597440
n=20000,dt=0.010000,h_buf=0000017E86597440,div=10500
n=20000,dt=0.010000,h_buf=0000017E86597440,div=10500
n=20000,dt=0.010000,h_buf=0000017E86597440,div=10500
n=20000,dt=0.010000,h_buf=0000017E86597440,div=10500
n=20000,dt=0.010000,h_buf=0000017E86597440,div=10500


gPU time: 0.006 seconds
n=20000,dt=0.010000,h_buf=0000017E86597440,div=10500
n=20000,dt=0.010000,h_buf=0000017E86597440,div=10500
n=20000,dt=0.010000,h_buf=0000017E86597440,div=10500
n=20000,dt=0.010000,h_buf=0000017E86597440,div=10500
n=20000,dt=0.010000,h_buf=0000017E86597440,div=10500
cPU time: 33.274 seconds
Theory Rate:0.999820
Current Rate:0.525000
BodyDiv:10500
n=20000,dt=0.010000,h_buf=0000017E86597440,div=10500
gPU time=0.027000 seconds
n=20000,dt=0.010000,h_buf=0000017E86597440,div=10500
gPU time=0.001000 seconds
n=20000,dt=0.010000,h_buf=0000017E86597440,div=10500
gPU time=0.001000 seconds
n=20000,dt=0.010000,h_buf=0000017E86597440,div=10500
gPU time=0.001000 seconds
n=20000,dt=0.010000,h_buf=0000017E86597440,div=10500
gPU time=0.001000 seconds
cPU and gPU time: 0.004 seconds

相对gPU加速比：1.500000
相对cPU加速比：8318.500000
h_buf=0000017E86597440
n=20000,dt=0.010000,h_buf=0000017E86597440,div=10600
n=20000,dt=0.010000,h_buf=0000017E86597440,div=10600
n=20000,dt=0.010000,h_buf=0000017E86597440,div=10600
n=20000,dt=0.010000,h_buf=0000017E86597440,div=10600
n=20000,dt=0.010000,h_buf=0000017E86597440,div=10600


gPU time: 0.006 seconds
n=20000,dt=0.010000,h_buf=0000017E86597440,div=10600
n=20000,dt=0.010000,h_buf=0000017E86597440,div=10600
n=20000,dt=0.010000,h_buf=0000017E86597440,div=10600
n=20000,dt=0.010000,h_buf=0000017E86597440,div=10600
n=20000,dt=0.010000,h_buf=0000017E86597440,div=10600
cPU time: 35.418 seconds
Theory Rate:0.999831
Current Rate:0.530000
BodyDiv:10600
n=20000,dt=0.010000,h_buf=0000017E86597440,div=10600
gPU time=0.028000 seconds
n=20000,dt=0.010000,h_buf=0000017E86597440,div=10600
gPU time=0.001000 seconds
n=20000,dt=0.010000,h_buf=0000017E86597440,div=10600
gPU time=0.001000 seconds
n=20000,dt=0.010000,h_buf=0000017E86597440,div=10600
gPU time=0.001000 seconds
n=20000,dt=0.010000,h_buf=0000017E86597440,div=10600
gPU time=0.001000 seconds
cPU and gPU time: 0.005 seconds

相对gPU加速比：1.200000
相对cPU加速比：7083.600000
h_buf=0000017E86597440
n=20000,dt=0.010000,h_buf=0000017E86597440,div=10700
n=20000,dt=0.010000,h_buf=0000017E86597440,div=10700
n=20000,dt=0.010000,h_buf=0000017E86597440,div=10700
n=20000,dt=0.010000,h_buf=0000